<?xml version="1.0" encoding="UTF-8"?>
<!-- Generated by org.testng.reporters.JUnitXMLReporter -->
<testsuite ignored="0" hostname="DESKTOP-8PT0GQC" failures="0" tests="5" name="Default test" time="0.134" errors="0" timestamp="2023-08-30T20:06:42 IST">
  <testcase classname="org.dataProvider.ParallelExecution" name="tc01" time="0.015"/>
  <testcase classname="org.dataProvider.ParallelExecution" name="tc02" time="0.003"/>
  <testcase classname="org.dataProvider.ParallelExecution" name="tc03" time="0.003"/>
  <testcase classname="org.dataProvider.ParallelExecution" name="tc04" time="0.008"/>
  <testcase classname="org.dataProvider.ParallelExecution" name="tc05" time="0.002"/>
</testsuite> <!-- Default test -->
