<?xml version="1.0" encoding="UTF-8"?>
<testng-results ignored="0" total="5" passed="5" failed="0" skipped="0">
  <reporter-output>
  </reporter-output>
  <suite started-at="2023-08-30T20:06:42 IST" name="Default suite" finished-at="2023-08-30T20:06:42 IST" duration-ms="134">
    <groups>
    </groups>
    <test started-at="2023-08-30T20:06:42 IST" name="Default test" finished-at="2023-08-30T20:06:42 IST" duration-ms="134">
      <class name="org.dataProvider.ParallelExecution">
        <test-method signature="tc01()[pri:0, instance:org.dataProvider.ParallelExecution@43df23d3]" started-at="2023-08-30T20:06:42 IST" name="tc01" finished-at="2023-08-30T20:06:42 IST" duration-ms="15" status="PASS">
          <reporter-output>
          </reporter-output>
        </test-method> <!-- tc01 -->
        <test-method signature="tc02()[pri:0, instance:org.dataProvider.ParallelExecution@43df23d3]" started-at="2023-08-30T20:06:42 IST" name="tc02" finished-at="2023-08-30T20:06:42 IST" duration-ms="3" status="PASS">
          <reporter-output>
          </reporter-output>
        </test-method> <!-- tc02 -->
        <test-method signature="tc03()[pri:0, instance:org.dataProvider.ParallelExecution@43df23d3]" started-at="2023-08-30T20:06:42 IST" name="tc03" finished-at="2023-08-30T20:06:42 IST" duration-ms="3" status="PASS">
          <reporter-output>
          </reporter-output>
        </test-method> <!-- tc03 -->
        <test-method signature="tc04()[pri:0, instance:org.dataProvider.ParallelExecution@43df23d3]" started-at="2023-08-30T20:06:42 IST" name="tc04" finished-at="2023-08-30T20:06:42 IST" duration-ms="8" status="PASS">
          <reporter-output>
          </reporter-output>
        </test-method> <!-- tc04 -->
        <test-method signature="tc05()[pri:0, instance:org.dataProvider.ParallelExecution@43df23d3]" started-at="2023-08-30T20:06:42 IST" name="tc05" finished-at="2023-08-30T20:06:42 IST" duration-ms="2" status="PASS">
          <reporter-output>
          </reporter-output>
        </test-method> <!-- tc05 -->
      </class> <!-- org.dataProvider.ParallelExecution -->
    </test> <!-- Default test -->
  </suite> <!-- Default suite -->
</testng-results>
